<testsuites name="jest tests" tests="4" failures="0" time="1.725">
  <testsuite name="undefined" errors="0" failures="0" skipped="0" timestamp="2021-05-09T15:53:07" time="1.725" tests="4">
    <testcase classname=" Initial articles render correctly" name=" Initial articles render correctly" time="0.054">
    </testcase>
    <testcase classname=" Clicking on top renders expected articles" name=" Clicking on top renders expected articles" time="0.027">
    </testcase>
    <testcase classname=" Clicking on newest renders expected articles" name=" Clicking on newest renders expected articles" time="0.03">
    </testcase>
    <testcase classname=" Sequence of navigation clicks renders expected artices" name=" Sequence of navigation clicks renders expected artices" time="0.05">
    </testcase>
  </testsuite>
</testsuites>